{"D:\\revision\\custom-db\\Table.js": {"path":"D:\\revision\\custom-db\\Table.js","statementMap":{"0":{"start":{"line":1,"column":23},"end":{"line":1,"column":38}},"1":{"start":{"line":2,"column":11},"end":{"line":2,"column":24}},"2":{"start":{"line":3,"column":31},"end":{"line":3,"column":73}},"3":{"start":{"line":5,"column":0},"end":{"line":50,"column":2}},"4":{"start":{"line":7,"column":4},"end":{"line":7,"column":31}},"5":{"start":{"line":10,"column":4},"end":{"line":10,"column":43}},"6":{"start":{"line":11,"column":4},"end":{"line":11,"column":41}},"7":{"start":{"line":19,"column":25},"end":{"line":19,"column":53}},"8":{"start":{"line":20,"column":4},"end":{"line":39,"column":7}},"9":{"start":{"line":21,"column":6},"end":{"line":38,"column":11}},"10":{"start":{"line":23,"column":10},"end":{"line":27,"column":11}},"11":{"start":{"line":24,"column":12},"end":{"line":24,"column":22}},"12":{"start":{"line":26,"column":12},"end":{"line":26,"column":22}},"13":{"start":{"line":30,"column":10},"end":{"line":37,"column":12}},"14":{"start":{"line":34,"column":14},"end":{"line":34,"column":46}},"15":{"start":{"line":34,"column":25},"end":{"line":34,"column":46}},"16":{"start":{"line":35,"column":14},"end":{"line":35,"column":36}},"17":{"start":{"line":43,"column":4},"end":{"line":48,"column":7}},"18":{"start":{"line":44,"column":6},"end":{"line":47,"column":9}},"19":{"start":{"line":45,"column":8},"end":{"line":45,"column":75}},"20":{"start":{"line":45,"column":17},"end":{"line":45,"column":75}},"21":{"start":{"line":46,"column":8},"end":{"line":46,"column":34}}},"fnMap":{"0":{"name":"(anonymous_0)","decl":{"start":{"line":6,"column":2},"end":{"line":6,"column":3}},"loc":{"start":{"line":6,"column":25},"end":{"line":8,"column":3}},"line":6},"1":{"name":"(anonymous_1)","decl":{"start":{"line":9,"column":2},"end":{"line":9,"column":3}},"loc":{"start":{"line":9,"column":17},"end":{"line":12,"column":3}},"line":9},"2":{"name":"(anonymous_2)","decl":{"start":{"line":14,"column":2},"end":{"line":14,"column":3}},"loc":{"start":{"line":14,"column":23},"end":{"line":40,"column":3}},"line":14},"3":{"name":"(anonymous_3)","decl":{"start":{"line":20,"column":23},"end":{"line":20,"column":24}},"loc":{"start":{"line":20,"column":44},"end":{"line":39,"column":5}},"line":20},"4":{"name":"(anonymous_4)","decl":{"start":{"line":22,"column":15},"end":{"line":22,"column":16}},"loc":{"start":{"line":22,"column":22},"end":{"line":28,"column":9}},"line":22},"5":{"name":"(anonymous_5)","decl":{"start":{"line":29,"column":14},"end":{"line":29,"column":15}},"loc":{"start":{"line":29,"column":24},"end":{"line":38,"column":9}},"line":29},"6":{"name":"(anonymous_6)","decl":{"start":{"line":33,"column":12},"end":{"line":33,"column":13}},"loc":{"start":{"line":33,"column":23},"end":{"line":36,"column":13}},"line":33},"7":{"name":"(anonymous_7)","decl":{"start":{"line":42,"column":2},"end":{"line":42,"column":3}},"loc":{"start":{"line":42,"column":13},"end":{"line":49,"column":3}},"line":42},"8":{"name":"(anonymous_8)","decl":{"start":{"line":43,"column":23},"end":{"line":43,"column":24}},"loc":{"start":{"line":43,"column":44},"end":{"line":48,"column":5}},"line":43},"9":{"name":"(anonymous_9)","decl":{"start":{"line":44,"column":33},"end":{"line":44,"column":34}},"loc":{"start":{"line":44,"column":48},"end":{"line":47,"column":7}},"line":44}},"branchMap":{"0":{"loc":{"start":{"line":23,"column":10},"end":{"line":27,"column":11}},"type":"if","locations":[{"start":{"line":23,"column":10},"end":{"line":27,"column":11}},{"start":{"line":25,"column":17},"end":{"line":27,"column":11}}],"line":23},"1":{"loc":{"start":{"line":34,"column":14},"end":{"line":34,"column":46}},"type":"if","locations":[{"start":{"line":34,"column":14},"end":{"line":34,"column":46}},{"start":{},"end":{}}],"line":34},"2":{"loc":{"start":{"line":45,"column":8},"end":{"line":45,"column":75}},"type":"if","locations":[{"start":{"line":45,"column":8},"end":{"line":45,"column":75}},{"start":{},"end":{}}],"line":45}},"s":{"0":2,"1":2,"2":2,"3":2,"4":2,"5":2,"6":2,"7":1,"8":1,"9":1,"10":1,"11":1,"12":0,"13":1,"14":1,"15":0,"16":1,"17":1,"18":1,"19":1,"20":1,"21":0},"f":{"0":2,"1":2,"2":1,"3":1,"4":1,"5":1,"6":1,"7":1,"8":1,"9":1},"b":{"0":[1,0],"1":[0,1],"2":[1,0]},"_coverageSchema":"1a1c01bbd47fc00a2c39e90264f33305004495a9","hash":"e60c3ae3b12aff5348bff81494be7a6ec9b27981"}
,"D:\\revision\\custom-db\\commands\\InsertCommand.js": {"path":"D:\\revision\\custom-db\\commands\\InsertCommand.js","statementMap":{"0":{"start":{"line":1,"column":14},"end":{"line":1,"column":33}},"1":{"start":{"line":2,"column":0},"end":{"line":12,"column":2}},"2":{"start":{"line":4,"column":4},"end":{"line":4,"column":25}},"3":{"start":{"line":5,"column":4},"end":{"line":5,"column":39}},"4":{"start":{"line":6,"column":4},"end":{"line":6,"column":38}},"5":{"start":{"line":10,"column":4},"end":{"line":10,"column":54}}},"fnMap":{"0":{"name":"(anonymous_0)","decl":{"start":{"line":3,"column":2},"end":{"line":3,"column":3}},"loc":{"start":{"line":3,"column":37},"end":{"line":7,"column":3}},"line":3},"1":{"name":"(anonymous_1)","decl":{"start":{"line":9,"column":2},"end":{"line":9,"column":3}},"loc":{"start":{"line":9,"column":18},"end":{"line":11,"column":3}},"line":9}},"branchMap":{},"s":{"0":2,"1":2,"2":2,"3":2,"4":2,"5":1},"f":{"0":2,"1":1},"b":{},"_coverageSchema":"1a1c01bbd47fc00a2c39e90264f33305004495a9","hash":"b46a83626a10ef7844b65c906c0825127b86f293"}
,"D:\\revision\\custom-db\\errors\\TableDoesNotExistError.js": {"path":"D:\\revision\\custom-db\\errors\\TableDoesNotExistError.js","statementMap":{"0":{"start":{"line":1,"column":0},"end":{"line":7,"column":2}},"1":{"start":{"line":3,"column":4},"end":{"line":3,"column":21}},"2":{"start":{"line":5,"column":4},"end":{"line":5,"column":41}}},"fnMap":{"0":{"name":"(anonymous_0)","decl":{"start":{"line":2,"column":2},"end":{"line":2,"column":3}},"loc":{"start":{"line":2,"column":25},"end":{"line":6,"column":3}},"line":2}},"branchMap":{},"s":{"0":2,"1":1,"2":1},"f":{"0":1},"b":{},"_coverageSchema":"1a1c01bbd47fc00a2c39e90264f33305004495a9","hash":"9990bf26dbf01b463de116eb278d7f9c912a845f"}
,"D:\\revision\\custom-db\\parsers\\insert.js": {"path":"D:\\revision\\custom-db\\parsers\\insert.js","statementMap":{"0":{"start":{"line":1,"column":22},"end":{"line":1,"column":58}},"1":{"start":{"line":3,"column":23},"end":{"line":3,"column":31}},"2":{"start":{"line":4,"column":29},"end":{"line":4,"column":35}},"3":{"start":{"line":6,"column":14},"end":{"line":8,"column":1}},"4":{"start":{"line":11,"column":21},"end":{"line":11,"column":47}},"5":{"start":{"line":12,"column":2},"end":{"line":12,"column":33}},"6":{"start":{"line":12,"column":26},"end":{"line":12,"column":33}},"7":{"start":{"line":13,"column":17},"end":{"line":13,"column":56}},"8":{"start":{"line":14,"column":2},"end":{"line":14,"column":29}},"9":{"start":{"line":14,"column":22},"end":{"line":14,"column":29}},"10":{"start":{"line":15,"column":20},"end":{"line":15,"column":47}},"11":{"start":{"line":16,"column":2},"end":{"line":19,"column":5}},"12":{"start":{"line":23,"column":2},"end":{"line":27,"column":3}},"13":{"start":{"line":24,"column":4},"end":{"line":24,"column":30}},"14":{"start":{"line":26,"column":4},"end":{"line":26,"column":11}},"15":{"start":{"line":30,"column":0},"end":{"line":30,"column":36}}},"fnMap":{"0":{"name":"parseInsertCommand","decl":{"start":{"line":10,"column":9},"end":{"line":10,"column":27}},"loc":{"start":{"line":10,"column":43},"end":{"line":20,"column":1}},"line":10},"1":{"name":"safeParseJson","decl":{"start":{"line":22,"column":9},"end":{"line":22,"column":22}},"loc":{"start":{"line":22,"column":31},"end":{"line":28,"column":1}},"line":22}},"branchMap":{"0":{"loc":{"start":{"line":12,"column":2},"end":{"line":12,"column":33}},"type":"if","locations":[{"start":{"line":12,"column":2},"end":{"line":12,"column":33}},{"start":{},"end":{}}],"line":12},"1":{"loc":{"start":{"line":14,"column":2},"end":{"line":14,"column":29}},"type":"if","locations":[{"start":{"line":14,"column":2},"end":{"line":14,"column":29}},{"start":{},"end":{}}],"line":14}},"s":{"0":1,"1":1,"2":1,"3":1,"4":5,"5":5,"6":4,"7":1,"8":1,"9":0,"10":1,"11":1,"12":1,"13":1,"14":0,"15":1},"f":{"0":5,"1":1},"b":{"0":[4,1],"1":[0,1]},"_coverageSchema":"1a1c01bbd47fc00a2c39e90264f33305004495a9","hash":"39d43f6f50265500763eacf3b4e802deaa7b7001"}
}
