TN:
SF:Table.js
FN:6,(anonymous_0)
FN:9,(anonymous_1)
FN:14,(anonymous_2)
FN:20,(anonymous_3)
FN:22,(anonymous_4)
FN:29,(anonymous_5)
FN:33,(anonymous_6)
FN:42,(anonymous_7)
FN:43,(anonymous_8)
FN:44,(anonymous_9)
FNF:10
FNH:10
FNDA:2,(anonymous_0)
FNDA:2,(anonymous_1)
FNDA:1,(anonymous_2)
FNDA:1,(anonymous_3)
FNDA:1,(anonymous_4)
FNDA:1,(anonymous_5)
FNDA:1,(anonymous_6)
FNDA:1,(anonymous_7)
FNDA:1,(anonymous_8)
FNDA:1,(anonymous_9)
DA:1,2
DA:2,2
DA:3,2
DA:5,2
DA:7,2
DA:10,2
DA:11,2
DA:19,1
DA:20,1
DA:21,1
DA:23,1
DA:24,1
DA:26,0
DA:30,1
DA:34,1
DA:35,1
DA:43,1
DA:44,1
DA:45,1
DA:46,0
LF:20
LH:18
BRDA:23,0,0,1
BRDA:23,0,1,0
BRDA:34,1,0,0
BRDA:34,1,1,1
BRDA:45,2,0,1
BRDA:45,2,1,0
BRF:6
BRH:3
end_of_record
TN:
SF:commands\InsertCommand.js
FN:3,(anonymous_0)
FN:9,(anonymous_1)
FNF:2
FNH:2
FNDA:2,(anonymous_0)
FNDA:1,(anonymous_1)
DA:1,2
DA:2,2
DA:4,2
DA:5,2
DA:6,2
DA:10,1
LF:6
LH:6
BRF:0
BRH:0
end_of_record
TN:
SF:errors\TableDoesNotExistError.js
FN:2,(anonymous_0)
FNF:1
FNH:1
FNDA:1,(anonymous_0)
DA:1,2
DA:3,1
DA:5,1
LF:3
LH:3
BRF:0
BRH:0
end_of_record
TN:
SF:parsers\insert.js
FN:10,parseInsertCommand
FN:22,safeParseJson
FNF:2
FNH:2
FNDA:5,parseInsertCommand
FNDA:1,safeParseJson
DA:1,1
DA:3,1
DA:4,1
DA:6,1
DA:11,5
DA:12,5
DA:13,1
DA:14,1
DA:15,1
DA:16,1
DA:23,1
DA:24,1
DA:26,0
DA:30,1
LF:14
LH:13
BRDA:12,0,0,4
BRDA:12,0,1,1
BRDA:14,1,0,0
BRDA:14,1,1,1
BRF:4
BRH:3
end_of_record
